To: konishi0221@gmail.com
Subject: 【Tabiguide】メールアドレス確認のお願い

konishi0221@gmail.com 様

以下のリンクをクリックして、メールアドレスの確認を完了してください。

https://yourdomain.com/login/verify/index.php?token=ad3e5dc74422eb65a27be3d05fbf87cf

※このリンクは一定時間で無効になります。

---
Tabiguide 運営

To: konishi0221@gmail.com
Subject: 【Tabiguide】メールアドレス確認のお願い

konishi0221@gmail.com 様

以下のリンクをクリックして、メールアドレスの確認を完了してください。

https://yourdomain.com/login/verify/index.php?token=68e9fa26da585dc242defeba65457cab

※このリンクは一定時間で無効になります。

---
Tabiguide 運営

To: info@airsapo.tokyo
Subject: 【Tabiguide】メールアドレス確認のお願い

info@airsapo.tokyo 様

以下のリンクをクリックして、メールアドレスの確認を完了してください。

https://yourdomain.com/login/verify/index.php?token=1098532df02e9405e36788e4b074a378

※このリンクは一定時間で無効になります。

---
Tabiguide 運営

To: info@banax.tokyo
Subject: 【Tabiguide】メールアドレス確認のお願い

info@banax.tokyo 様

以下のリンクをクリックして、メールアドレスの確認を完了してください。

https://yourdomain.com/login/verify/index.php?token=795dc923e01a041f387183c6ab1e31ff

※このリンクは一定時間で無効になります。

---
Tabiguide 運営

To: natori@banax.tokyo
Subject: 【Tabiguide】メールアドレス確認のお願い

natori@banax.tokyo 様

以下のリンクをクリックして、メールアドレスの確認を完了してください。

https://yourdomain.com/login/verify/index.php?token=9b61e9eaf79a2a7907eb2a48ceeeaf9b

※このリンクは一定時間で無効になります。

---
Tabiguide 運営

